This file contains any messages produced by compilers while
running configure, to aid debugging if configure makes a mistake.

It was created by dlvhex-mongoplugin configure 2.0.0, which was
generated by GNU Autoconf 2.69.  Invocation command line was

  $ ./configure --no-create --no-recursion

## --------- ##
## Platform. ##
## --------- ##

hostname = chao-OptiPlex-9010
uname -m = x86_64
uname -r = 3.13.0-34-generic
uname -s = Linux
uname -v = #60-Ubuntu SMP Wed Aug 13 15:45:27 UTC 2014

/usr/bin/uname -p = unknown
/bin/uname -X     = unknown

/bin/arch              = unknown
/usr/bin/arch -k       = unknown
/usr/convex/getsysinfo = unknown
/usr/bin/hostinfo      = unknown
/bin/machine           = unknown
/usr/bin/oslevel       = unknown
/bin/universe          = unknown

PATH: /usr/local/sbin
PATH: /usr/local/bin
PATH: /usr/sbin
PATH: /usr/bin
PATH: /sbin
PATH: /bin


## ----------- ##
## Core tests. ##
## ----------- ##

configure:2549: checking for a BSD-compatible install
configure:2617: result: /usr/bin/install -c
configure:2628: checking whether build environment is sane
configure:2683: result: yes
configure:2834: checking for a thread-safe mkdir -p
configure:2873: result: /bin/mkdir -p
configure:2880: checking for gawk
configure:2910: result: no
configure:2880: checking for mawk
configure:2896: found /usr/bin/mawk
configure:2907: result: mawk
configure:2918: checking whether make sets $(MAKE)
configure:2940: result: yes
configure:2969: checking whether make supports nested variables
configure:2986: result: yes
configure:3116: checking build system type
configure:3130: result: x86_64-unknown-linux-gnu
configure:3150: checking host system type
configure:3163: result: x86_64-unknown-linux-gnu
configure:3251: checking for g++
configure:3267: found /usr/bin/g++
configure:3278: result: g++
configure:3305: checking for C++ compiler version
configure:3314: g++ --version >&5
g++ (Ubuntu 4.8.2-19ubuntu1) 4.8.2
Copyright (C) 2013 Free Software Foundation, Inc.
This is free software; see the source for copying conditions.  There is NO
warranty; not even for MERCHANTABILITY or FITNESS FOR A PARTICULAR PURPOSE.

configure:3325: $? = 0
configure:3314: g++ -v >&5
Using built-in specs.
COLLECT_GCC=g++
COLLECT_LTO_WRAPPER=/usr/lib/gcc/x86_64-linux-gnu/4.8/lto-wrapper
Target: x86_64-linux-gnu
Configured with: ../src/configure -v --with-pkgversion='Ubuntu 4.8.2-19ubuntu1' --with-bugurl=file:///usr/share/doc/gcc-4.8/README.Bugs --enable-languages=c,c++,java,go,d,fortran,objc,obj-c++ --prefix=/usr --program-suffix=-4.8 --enable-shared --enable-linker-build-id --libexecdir=/usr/lib --without-included-gettext --enable-threads=posix --with-gxx-include-dir=/usr/include/c++/4.8 --libdir=/usr/lib --enable-nls --with-sysroot=/ --enable-clocale=gnu --enable-libstdcxx-debug --enable-libstdcxx-time=yes --enable-gnu-unique-object --disable-libmudflap --enable-plugin --with-system-zlib --disable-browser-plugin --enable-java-awt=gtk --enable-gtk-cairo --with-java-home=/usr/lib/jvm/java-1.5.0-gcj-4.8-amd64/jre --enable-java-home --with-jvm-root-dir=/usr/lib/jvm/java-1.5.0-gcj-4.8-amd64 --with-jvm-jar-dir=/usr/lib/jvm-exports/java-1.5.0-gcj-4.8-amd64 --with-arch-directory=amd64 --with-ecj-jar=/usr/share/java/eclipse-ecj.jar --enable-objc-gc --enable-multiarch --disable-werror --with-arch-32=i686 --with-abi=m64 --with-multilib-list=m32,m64,mx32 --with-tune=generic --enable-checking=release --build=x86_64-linux-gnu --host=x86_64-linux-gnu --target=x86_64-linux-gnu
Thread model: posix
gcc version 4.8.2 (Ubuntu 4.8.2-19ubuntu1) 
configure:3325: $? = 0
configure:3314: g++ -V >&5
g++: error: unrecognized command line option '-V'
g++: fatal error: no input files
compilation terminated.
configure:3325: $? = 4
configure:3314: g++ -qversion >&5
g++: error: unrecognized command line option '-qversion'
g++: fatal error: no input files
compilation terminated.
configure:3325: $? = 4
configure:3345: checking whether the C++ compiler works
configure:3367: g++    conftest.cpp  >&5
configure:3371: $? = 0
configure:3419: result: yes
configure:3422: checking for C++ compiler default output file name
configure:3424: result: a.out
configure:3430: checking for suffix of executables
configure:3437: g++ -o conftest    conftest.cpp  >&5
configure:3441: $? = 0
configure:3463: result: 
configure:3485: checking whether we are cross compiling
configure:3493: g++ -o conftest    conftest.cpp  >&5
configure:3497: $? = 0
configure:3504: ./conftest
configure:3508: $? = 0
configure:3523: result: no
configure:3528: checking for suffix of object files
configure:3550: g++ -c   conftest.cpp >&5
configure:3554: $? = 0
configure:3575: result: o
configure:3579: checking whether we are using the GNU C++ compiler
configure:3598: g++ -c   conftest.cpp >&5
configure:3598: $? = 0
configure:3607: result: yes
configure:3616: checking whether g++ accepts -g
configure:3636: g++ -c -g  conftest.cpp >&5
configure:3636: $? = 0
configure:3677: result: yes
configure:3711: checking for style of include used by make
configure:3739: result: GNU
configure:3765: checking dependency style of g++
configure:3876: result: gcc3
configure:3903: checking for dirent.h that defines DIR
configure:3922: g++ -c -g -O2  conftest.cpp >&5
configure:3922: $? = 0
configure:3930: result: yes
configure:3943: checking for library containing opendir
configure:3974: g++ -o conftest -g -O2   conftest.cpp  >&5
configure:3974: $? = 0
configure:3991: result: none required
configure:4063: checking how to run the C++ preprocessor
configure:4090: g++ -E  conftest.cpp
configure:4090: $? = 0
configure:4104: g++ -E  conftest.cpp
conftest.cpp:20:28: fatal error: ac_nonexistent.h: No such file or directory
 #include <ac_nonexistent.h>
                            ^
compilation terminated.
configure:4104: $? = 1
configure: failed program was:
| /* confdefs.h */
| #define PACKAGE_NAME "dlvhex-mongoplugin"
| #define PACKAGE_TARNAME "dlvhex-mongoplugin"
| #define PACKAGE_VERSION "2.0.0"
| #define PACKAGE_STRING "dlvhex-mongoplugin 2.0.0"
| #define PACKAGE_BUGREPORT "dlvhex-devel@lists.sourceforge.net"
| #define PACKAGE_URL ""
| #define MONGOPLUGIN_VERSION 2.0.0
| #define MONGOPLUGIN_VERSION_MAJOR 2
| #define MONGOPLUGIN_VERSION_MINOR 0
| #define MONGOPLUGIN_VERSION_MICRO 0
| #define DLVHEX_ABI_VERSION 7.0.0
| #define DLVHEX_ABI_VERSION_MAJOR 7
| #define DLVHEX_ABI_VERSION_MINOR 0
| #define DLVHEX_ABI_VERSION_MICRO 0
| #define PACKAGE "dlvhex-mongoplugin"
| #define VERSION "2.0.0"
| #define HAVE_DIRENT_H 1
| /* end confdefs.h.  */
| #include <ac_nonexistent.h>
configure:4129: result: g++ -E
configure:4149: g++ -E  conftest.cpp
configure:4149: $? = 0
configure:4163: g++ -E  conftest.cpp
conftest.cpp:20:28: fatal error: ac_nonexistent.h: No such file or directory
 #include <ac_nonexistent.h>
                            ^
compilation terminated.
configure:4163: $? = 1
configure: failed program was:
| /* confdefs.h */
| #define PACKAGE_NAME "dlvhex-mongoplugin"
| #define PACKAGE_TARNAME "dlvhex-mongoplugin"
| #define PACKAGE_VERSION "2.0.0"
| #define PACKAGE_STRING "dlvhex-mongoplugin 2.0.0"
| #define PACKAGE_BUGREPORT "dlvhex-devel@lists.sourceforge.net"
| #define PACKAGE_URL ""
| #define MONGOPLUGIN_VERSION 2.0.0
| #define MONGOPLUGIN_VERSION_MAJOR 2
| #define MONGOPLUGIN_VERSION_MINOR 0
| #define MONGOPLUGIN_VERSION_MICRO 0
| #define DLVHEX_ABI_VERSION 7.0.0
| #define DLVHEX_ABI_VERSION_MAJOR 7
| #define DLVHEX_ABI_VERSION_MINOR 0
| #define DLVHEX_ABI_VERSION_MICRO 0
| #define PACKAGE "dlvhex-mongoplugin"
| #define VERSION "2.0.0"
| #define HAVE_DIRENT_H 1
| /* end confdefs.h.  */
| #include <ac_nonexistent.h>
configure:4192: checking for grep that handles long lines and -e
configure:4250: result: /bin/grep
configure:4255: checking for egrep
configure:4317: result: /bin/grep -E
configure:4322: checking for ANSI C header files
configure:4342: g++ -c -g -O2  conftest.cpp >&5
configure:4342: $? = 0
configure:4415: g++ -o conftest -g -O2   conftest.cpp  >&5
configure:4415: $? = 0
configure:4415: ./conftest
configure:4415: $? = 0
configure:4426: result: yes
configure:4439: checking for sys/types.h
configure:4439: g++ -c -g -O2  conftest.cpp >&5
configure:4439: $? = 0
configure:4439: result: yes
configure:4439: checking for sys/stat.h
configure:4439: g++ -c -g -O2  conftest.cpp >&5
configure:4439: $? = 0
configure:4439: result: yes
configure:4439: checking for stdlib.h
configure:4439: g++ -c -g -O2  conftest.cpp >&5
configure:4439: $? = 0
configure:4439: result: yes
configure:4439: checking for string.h
configure:4439: g++ -c -g -O2  conftest.cpp >&5
configure:4439: $? = 0
configure:4439: result: yes
configure:4439: checking for memory.h
configure:4439: g++ -c -g -O2  conftest.cpp >&5
configure:4439: $? = 0
configure:4439: result: yes
configure:4439: checking for strings.h
configure:4439: g++ -c -g -O2  conftest.cpp >&5
configure:4439: $? = 0
configure:4439: result: yes
configure:4439: checking for inttypes.h
configure:4439: g++ -c -g -O2  conftest.cpp >&5
configure:4439: $? = 0
configure:4439: result: yes
configure:4439: checking for stdint.h
configure:4439: g++ -c -g -O2  conftest.cpp >&5
configure:4439: $? = 0
configure:4439: result: yes
configure:4439: checking for unistd.h
configure:4439: g++ -c -g -O2  conftest.cpp >&5
configure:4439: $? = 0
configure:4439: result: yes
configure:4453: checking sys/param.h usability
configure:4453: g++ -c -g -O2  conftest.cpp >&5
configure:4453: $? = 0
configure:4453: result: yes
configure:4453: checking sys/param.h presence
configure:4453: g++ -E  conftest.cpp
configure:4453: $? = 0
configure:4453: result: yes
configure:4453: checking for sys/param.h
configure:4453: result: yes
configure:4465: checking for stdbool.h that conforms to C99
configure:4532: g++ -c -g -O2  conftest.cpp >&5
configure:4532: $? = 0
configure:4539: result: yes
configure:4541: checking for _Bool
configure:4541: g++ -c -g -O2  conftest.cpp >&5
conftest.cpp: In function 'int main()':
conftest.cpp:67:13: error: '_Bool' was not declared in this scope
 if (sizeof (_Bool))
             ^
configure:4541: $? = 1
configure: failed program was:
| /* confdefs.h */
| #define PACKAGE_NAME "dlvhex-mongoplugin"
| #define PACKAGE_TARNAME "dlvhex-mongoplugin"
| #define PACKAGE_VERSION "2.0.0"
| #define PACKAGE_STRING "dlvhex-mongoplugin 2.0.0"
| #define PACKAGE_BUGREPORT "dlvhex-devel@lists.sourceforge.net"
| #define PACKAGE_URL ""
| #define MONGOPLUGIN_VERSION 2.0.0
| #define MONGOPLUGIN_VERSION_MAJOR 2
| #define MONGOPLUGIN_VERSION_MINOR 0
| #define MONGOPLUGIN_VERSION_MICRO 0
| #define DLVHEX_ABI_VERSION 7.0.0
| #define DLVHEX_ABI_VERSION_MAJOR 7
| #define DLVHEX_ABI_VERSION_MINOR 0
| #define DLVHEX_ABI_VERSION_MICRO 0
| #define PACKAGE "dlvhex-mongoplugin"
| #define VERSION "2.0.0"
| #define HAVE_DIRENT_H 1
| #define STDC_HEADERS 1
| #define HAVE_SYS_TYPES_H 1
| #define HAVE_SYS_STAT_H 1
| #define HAVE_STDLIB_H 1
| #define HAVE_STRING_H 1
| #define HAVE_MEMORY_H 1
| #define HAVE_STRINGS_H 1
| #define HAVE_INTTYPES_H 1
| #define HAVE_STDINT_H 1
| #define HAVE_UNISTD_H 1
| #define HAVE_SYS_PARAM_H 1
| /* end confdefs.h.  */
| #include <stdio.h>
| #ifdef HAVE_SYS_TYPES_H
| # include <sys/types.h>
| #endif
| #ifdef HAVE_SYS_STAT_H
| # include <sys/stat.h>
| #endif
| #ifdef STDC_HEADERS
| # include <stdlib.h>
| # include <stddef.h>
| #else
| # ifdef HAVE_STDLIB_H
| #  include <stdlib.h>
| # endif
| #endif
| #ifdef HAVE_STRING_H
| # if !defined STDC_HEADERS && defined HAVE_MEMORY_H
| #  include <memory.h>
| # endif
| # include <string.h>
| #endif
| #ifdef HAVE_STRINGS_H
| # include <strings.h>
| #endif
| #ifdef HAVE_INTTYPES_H
| # include <inttypes.h>
| #endif
| #ifdef HAVE_STDINT_H
| # include <stdint.h>
| #endif
| #ifdef HAVE_UNISTD_H
| # include <unistd.h>
| #endif
| int
| main ()
| {
| if (sizeof (_Bool))
| 	 return 0;
|   ;
|   return 0;
| }
configure:4541: result: no
configure:4558: checking for an ANSI C-conforming const
configure:4624: g++ -c -g -O2  conftest.cpp >&5
configure:4624: $? = 0
configure:4631: result: yes
configure:4722: checking how to print strings
configure:4749: result: printf
configure:4818: checking for gcc
configure:4834: found /usr/bin/gcc
configure:4845: result: gcc
configure:5074: checking for C compiler version
configure:5083: gcc --version >&5
gcc (Ubuntu 4.8.2-19ubuntu1) 4.8.2
Copyright (C) 2013 Free Software Foundation, Inc.
This is free software; see the source for copying conditions.  There is NO
warranty; not even for MERCHANTABILITY or FITNESS FOR A PARTICULAR PURPOSE.

configure:5094: $? = 0
configure:5083: gcc -v >&5
Using built-in specs.
COLLECT_GCC=gcc
COLLECT_LTO_WRAPPER=/usr/lib/gcc/x86_64-linux-gnu/4.8/lto-wrapper
Target: x86_64-linux-gnu
Configured with: ../src/configure -v --with-pkgversion='Ubuntu 4.8.2-19ubuntu1' --with-bugurl=file:///usr/share/doc/gcc-4.8/README.Bugs --enable-languages=c,c++,java,go,d,fortran,objc,obj-c++ --prefix=/usr --program-suffix=-4.8 --enable-shared --enable-linker-build-id --libexecdir=/usr/lib --without-included-gettext --enable-threads=posix --with-gxx-include-dir=/usr/include/c++/4.8 --libdir=/usr/lib --enable-nls --with-sysroot=/ --enable-clocale=gnu --enable-libstdcxx-debug --enable-libstdcxx-time=yes --enable-gnu-unique-object --disable-libmudflap --enable-plugin --with-system-zlib --disable-browser-plugin --enable-java-awt=gtk --enable-gtk-cairo --with-java-home=/usr/lib/jvm/java-1.5.0-gcj-4.8-amd64/jre --enable-java-home --with-jvm-root-dir=/usr/lib/jvm/java-1.5.0-gcj-4.8-amd64 --with-jvm-jar-dir=/usr/lib/jvm-exports/java-1.5.0-gcj-4.8-amd64 --with-arch-directory=amd64 --with-ecj-jar=/usr/share/java/eclipse-ecj.jar --enable-objc-gc --enable-multiarch --disable-werror --with-arch-32=i686 --with-abi=m64 --with-multilib-list=m32,m64,mx32 --with-tune=generic --enable-checking=release --build=x86_64-linux-gnu --host=x86_64-linux-gnu --target=x86_64-linux-gnu
Thread model: posix
gcc version 4.8.2 (Ubuntu 4.8.2-19ubuntu1) 
configure:5094: $? = 0
configure:5083: gcc -V >&5
gcc: error: unrecognized command line option '-V'
gcc: fatal error: no input files
compilation terminated.
configure:5094: $? = 4
configure:5083: gcc -qversion >&5
gcc: error: unrecognized command line option '-qversion'
gcc: fatal error: no input files
compilation terminated.
configure:5094: $? = 4
configure:5098: checking whether we are using the GNU C compiler
configure:5117: gcc -c   conftest.c >&5
configure:5117: $? = 0
configure:5126: result: yes
configure:5135: checking whether gcc accepts -g
configure:5155: gcc -c -g  conftest.c >&5
configure:5155: $? = 0
configure:5196: result: yes
configure:5213: checking for gcc option to accept ISO C89
configure:5276: gcc  -c -g -O2  conftest.c >&5
configure:5276: $? = 0
configure:5289: result: none needed
configure:5314: checking whether gcc understands -c and -o together
configure:5336: gcc -c conftest.c -o conftest2.o
configure:5339: $? = 0
configure:5336: gcc -c conftest.c -o conftest2.o
configure:5339: $? = 0
configure:5351: result: yes
configure:5370: checking dependency style of gcc
configure:5481: result: gcc3
configure:5496: checking for a sed that does not truncate output
configure:5560: result: /bin/sed
configure:5578: checking for fgrep
configure:5640: result: /bin/grep -F
configure:5675: checking for ld used by gcc
configure:5742: result: /usr/bin/ld
configure:5749: checking if the linker (/usr/bin/ld) is GNU ld
configure:5764: result: yes
configure:5776: checking for BSD- or MS-compatible name lister (nm)
configure:5825: result: /usr/bin/nm -B
configure:5955: checking the name lister (/usr/bin/nm -B) interface
configure:5962: g++ -c -g -O2  conftest.cpp >&5
configure:5965: /usr/bin/nm -B "conftest.o"
configure:5968: output
0000000000000000 B some_variable
configure:5975: result: BSD nm
configure:5978: checking whether ln -s works
configure:5982: result: yes
configure:5990: checking the maximum length of command line arguments
configure:6115: result: 3458764513820540925
configure:6132: checking whether the shell understands some XSI constructs
configure:6142: result: yes
configure:6146: checking whether the shell understands "+="
configure:6152: result: yes
configure:6187: checking how to convert x86_64-unknown-linux-gnu file names to x86_64-unknown-linux-gnu format
configure:6227: result: func_convert_file_noop
configure:6234: checking how to convert x86_64-unknown-linux-gnu file names to toolchain format
configure:6254: result: func_convert_file_noop
configure:6261: checking for /usr/bin/ld option to reload object files
configure:6268: result: -r
configure:6342: checking for objdump
configure:6358: found /usr/bin/objdump
configure:6369: result: objdump
configure:6401: checking how to recognize dependent libraries
configure:6603: result: pass_all
configure:6688: checking for dlltool
configure:6718: result: no
configure:6748: checking how to associate runtime and link libraries
configure:6775: result: printf %s\n
configure:6835: checking for ar
configure:6851: found /usr/bin/ar
configure:6862: result: ar
configure:6899: checking for archiver @FILE support
configure:6916: g++ -c -g -O2  conftest.cpp >&5
configure:6916: $? = 0
configure:6919: ar cru libconftest.a @conftest.lst >&5
configure:6922: $? = 0
configure:6927: ar cru libconftest.a @conftest.lst >&5
ar: conftest.o: No such file or directory
configure:6930: $? = 1
configure:6942: result: @
configure:7000: checking for strip
configure:7016: found /usr/bin/strip
configure:7027: result: strip
configure:7099: checking for ranlib
configure:7115: found /usr/bin/ranlib
configure:7126: result: ranlib
configure:7228: checking command to parse /usr/bin/nm -B output from gcc object
configure:7347: g++ -c -g -O2  conftest.cpp >&5
configure:7350: $? = 0
configure:7354: /usr/bin/nm -B conftest.o \| sed -n -e 's/^.*[ ]\([ABCDGIRSTW][ABCDGIRSTW]*\)[ ][ ]*\([_A-Za-z][_A-Za-z0-9]*\)$/\1 \2 \2/p' | sed '/ __gnu_lto/d' \> conftest.nm
configure:7357: $? = 0
configure:7423: g++ -o conftest -g -O2   conftest.cpp conftstm.o >&5
configure:7426: $? = 0
configure:7464: result: ok
configure:7501: checking for sysroot
configure:7531: result: no
configure:7609: g++ -c -g -O2  conftest.cpp >&5
configure:7612: $? = 0
configure:7775: checking for mt
configure:7791: found /bin/mt
configure:7802: result: mt
configure:7825: checking if mt is a manifest tool
configure:7831: mt '-?'
configure:7839: result: no
configure:8468: checking for dlfcn.h
configure:8468: g++ -c -g -O2  conftest.cpp >&5
configure:8468: $? = 0
configure:8468: result: yes
configure:8633: checking for objdir
configure:8648: result: .libs
configure:8919: checking if gcc supports -fno-rtti -fno-exceptions
configure:8937: gcc -c -g -O2  -fno-rtti -fno-exceptions conftest.c >&5
cc1: warning: command line option '-fno-rtti' is valid for C++/ObjC++ but not for C [enabled by default]
configure:8941: $? = 0
configure:8954: result: no
configure:9264: checking for gcc option to produce PIC
configure:9271: result: -fPIC -DPIC
configure:9279: checking if gcc PIC flag -fPIC -DPIC works
configure:9297: gcc -c -g -O2  -fPIC -DPIC -DPIC conftest.c >&5
configure:9301: $? = 0
configure:9314: result: yes
configure:9343: checking if gcc static flag -static works
configure:9371: result: yes
configure:9386: checking if gcc supports -c -o file.o
configure:9407: gcc -c -g -O2  -o out/conftest2.o conftest.c >&5
configure:9411: $? = 0
configure:9433: result: yes
configure:9441: checking if gcc supports -c -o file.o
configure:9488: result: yes
configure:9521: checking whether the gcc linker (/usr/bin/ld -m elf_x86_64) supports shared libraries
configure:10683: result: yes
configure:10720: checking whether -lc should be explicitly linked in
configure:10728: gcc -c -g -O2  conftest.c >&5
configure:10731: $? = 0
configure:10746: gcc -shared  -fPIC -DPIC conftest.o  -v -Wl,-soname -Wl,conftest -o conftest 2\>\&1 \| /bin/grep  -lc  \>/dev/null 2\>\&1
configure:10749: $? = 0
configure:10763: result: no
configure:10928: checking dynamic linker characteristics
configure:11443: gcc -o conftest -g -O2   -Wl,-rpath -Wl,/foo conftest.c  >&5
configure:11443: $? = 0
configure:11677: result: GNU/Linux ld.so
configure:11784: checking how to hardcode library paths into programs
configure:11809: result: immediate
configure:11903: checking for shl_load
configure:11903: gcc -o conftest -g -O2   conftest.c  >&5
/tmp/cco3hwqk.o: In function `main':
/home/chao/DLVHEX/DLVHEX-MongoDB/conftest.c:68: undefined reference to `shl_load'
collect2: error: ld returned 1 exit status
configure:11903: $? = 1
configure: failed program was:
| /* confdefs.h */
| #define PACKAGE_NAME "dlvhex-mongoplugin"
| #define PACKAGE_TARNAME "dlvhex-mongoplugin"
| #define PACKAGE_VERSION "2.0.0"
| #define PACKAGE_STRING "dlvhex-mongoplugin 2.0.0"
| #define PACKAGE_BUGREPORT "dlvhex-devel@lists.sourceforge.net"
| #define PACKAGE_URL ""
| #define MONGOPLUGIN_VERSION 2.0.0
| #define MONGOPLUGIN_VERSION_MAJOR 2
| #define MONGOPLUGIN_VERSION_MINOR 0
| #define MONGOPLUGIN_VERSION_MICRO 0
| #define DLVHEX_ABI_VERSION 7.0.0
| #define DLVHEX_ABI_VERSION_MAJOR 7
| #define DLVHEX_ABI_VERSION_MINOR 0
| #define DLVHEX_ABI_VERSION_MICRO 0
| #define PACKAGE "dlvhex-mongoplugin"
| #define VERSION "2.0.0"
| #define HAVE_DIRENT_H 1
| #define STDC_HEADERS 1
| #define HAVE_SYS_TYPES_H 1
| #define HAVE_SYS_STAT_H 1
| #define HAVE_STDLIB_H 1
| #define HAVE_STRING_H 1
| #define HAVE_MEMORY_H 1
| #define HAVE_STRINGS_H 1
| #define HAVE_INTTYPES_H 1
| #define HAVE_STDINT_H 1
| #define HAVE_UNISTD_H 1
| #define HAVE_SYS_PARAM_H 1
| #define HAVE_STDBOOL_H 1
| #define HAVE_DLFCN_H 1
| #define LT_OBJDIR ".libs/"
| /* end confdefs.h.  */
| /* Define shl_load to an innocuous variant, in case <limits.h> declares shl_load.
|    For example, HP-UX 11i <limits.h> declares gettimeofday.  */
| #define shl_load innocuous_shl_load
| 
| /* System header to define __stub macros and hopefully few prototypes,
|     which can conflict with char shl_load (); below.
|     Prefer <limits.h> to <assert.h> if __STDC__ is defined, since
|     <limits.h> exists even on freestanding compilers.  */
| 
| #ifdef __STDC__
| # include <limits.h>
| #else
| # include <assert.h>
| #endif
| 
| #undef shl_load
| 
| /* Override any GCC internal prototype to avoid an error.
|    Use char because int might match the return type of a GCC
|    builtin and then its argument prototype would still apply.  */
| #ifdef __cplusplus
| extern "C"
| #endif
| char shl_load ();
| /* The GNU C library defines this for functions which it implements
|     to always fail with ENOSYS.  Some functions are actually named
|     something starting with __ and the normal name is an alias.  */
| #if defined __stub_shl_load || defined __stub___shl_load
| choke me
| #endif
| 
| int
| main ()
| {
| return shl_load ();
|   ;
|   return 0;
| }
configure:11903: result: no
configure:11907: checking for shl_load in -ldld
configure:11932: gcc -o conftest -g -O2   conftest.c -ldld   >&5
/usr/bin/ld: cannot find -ldld
collect2: error: ld returned 1 exit status
configure:11932: $? = 1
configure: failed program was:
| /* confdefs.h */
| #define PACKAGE_NAME "dlvhex-mongoplugin"
| #define PACKAGE_TARNAME "dlvhex-mongoplugin"
| #define PACKAGE_VERSION "2.0.0"
| #define PACKAGE_STRING "dlvhex-mongoplugin 2.0.0"
| #define PACKAGE_BUGREPORT "dlvhex-devel@lists.sourceforge.net"
| #define PACKAGE_URL ""
| #define MONGOPLUGIN_VERSION 2.0.0
| #define MONGOPLUGIN_VERSION_MAJOR 2
| #define MONGOPLUGIN_VERSION_MINOR 0
| #define MONGOPLUGIN_VERSION_MICRO 0
| #define DLVHEX_ABI_VERSION 7.0.0
| #define DLVHEX_ABI_VERSION_MAJOR 7
| #define DLVHEX_ABI_VERSION_MINOR 0
| #define DLVHEX_ABI_VERSION_MICRO 0
| #define PACKAGE "dlvhex-mongoplugin"
| #define VERSION "2.0.0"
| #define HAVE_DIRENT_H 1
| #define STDC_HEADERS 1
| #define HAVE_SYS_TYPES_H 1
| #define HAVE_SYS_STAT_H 1
| #define HAVE_STDLIB_H 1
| #define HAVE_STRING_H 1
| #define HAVE_MEMORY_H 1
| #define HAVE_STRINGS_H 1
| #define HAVE_INTTYPES_H 1
| #define HAVE_STDINT_H 1
| #define HAVE_UNISTD_H 1
| #define HAVE_SYS_PARAM_H 1
| #define HAVE_STDBOOL_H 1
| #define HAVE_DLFCN_H 1
| #define LT_OBJDIR ".libs/"
| /* end confdefs.h.  */
| 
| /* Override any GCC internal prototype to avoid an error.
|    Use char because int might match the return type of a GCC
|    builtin and then its argument prototype would still apply.  */
| #ifdef __cplusplus
| extern "C"
| #endif
| char shl_load ();
| int
| main ()
| {
| return shl_load ();
|   ;
|   return 0;
| }
configure:11941: result: no
configure:11946: checking for dlopen
configure:11946: gcc -o conftest -g -O2   conftest.c  >&5
/tmp/ccxncWao.o: In function `main':
/home/chao/DLVHEX/DLVHEX-MongoDB/conftest.c:68: undefined reference to `dlopen'
collect2: error: ld returned 1 exit status
configure:11946: $? = 1
configure: failed program was:
| /* confdefs.h */
| #define PACKAGE_NAME "dlvhex-mongoplugin"
| #define PACKAGE_TARNAME "dlvhex-mongoplugin"
| #define PACKAGE_VERSION "2.0.0"
| #define PACKAGE_STRING "dlvhex-mongoplugin 2.0.0"
| #define PACKAGE_BUGREPORT "dlvhex-devel@lists.sourceforge.net"
| #define PACKAGE_URL ""
| #define MONGOPLUGIN_VERSION 2.0.0
| #define MONGOPLUGIN_VERSION_MAJOR 2
| #define MONGOPLUGIN_VERSION_MINOR 0
| #define MONGOPLUGIN_VERSION_MICRO 0
| #define DLVHEX_ABI_VERSION 7.0.0
| #define DLVHEX_ABI_VERSION_MAJOR 7
| #define DLVHEX_ABI_VERSION_MINOR 0
| #define DLVHEX_ABI_VERSION_MICRO 0
| #define PACKAGE "dlvhex-mongoplugin"
| #define VERSION "2.0.0"
| #define HAVE_DIRENT_H 1
| #define STDC_HEADERS 1
| #define HAVE_SYS_TYPES_H 1
| #define HAVE_SYS_STAT_H 1
| #define HAVE_STDLIB_H 1
| #define HAVE_STRING_H 1
| #define HAVE_MEMORY_H 1
| #define HAVE_STRINGS_H 1
| #define HAVE_INTTYPES_H 1
| #define HAVE_STDINT_H 1
| #define HAVE_UNISTD_H 1
| #define HAVE_SYS_PARAM_H 1
| #define HAVE_STDBOOL_H 1
| #define HAVE_DLFCN_H 1
| #define LT_OBJDIR ".libs/"
| /* end confdefs.h.  */
| /* Define dlopen to an innocuous variant, in case <limits.h> declares dlopen.
|    For example, HP-UX 11i <limits.h> declares gettimeofday.  */
| #define dlopen innocuous_dlopen
| 
| /* System header to define __stub macros and hopefully few prototypes,
|     which can conflict with char dlopen (); below.
|     Prefer <limits.h> to <assert.h> if __STDC__ is defined, since
|     <limits.h> exists even on freestanding compilers.  */
| 
| #ifdef __STDC__
| # include <limits.h>
| #else
| # include <assert.h>
| #endif
| 
| #undef dlopen
| 
| /* Override any GCC internal prototype to avoid an error.
|    Use char because int might match the return type of a GCC
|    builtin and then its argument prototype would still apply.  */
| #ifdef __cplusplus
| extern "C"
| #endif
| char dlopen ();
| /* The GNU C library defines this for functions which it implements
|     to always fail with ENOSYS.  Some functions are actually named
|     something starting with __ and the normal name is an alias.  */
| #if defined __stub_dlopen || defined __stub___dlopen
| choke me
| #endif
| 
| int
| main ()
| {
| return dlopen ();
|   ;
|   return 0;
| }
configure:11946: result: no
configure:11950: checking for dlopen in -ldl
configure:11975: gcc -o conftest -g -O2   conftest.c -ldl   >&5
configure:11975: $? = 0
configure:11984: result: yes
configure:12103: checking whether a program can dlopen itself
configure:12183: gcc -o conftest -g -O2  -DHAVE_DLFCN_H  -Wl,--export-dynamic conftest.c -ldl  >&5
configure:12186: $? = 0
configure:12204: result: yes
configure:12209: checking whether a statically linked program can dlopen itself
configure:12289: gcc -o conftest -g -O2  -DHAVE_DLFCN_H  -Wl,--export-dynamic -static conftest.c -ldl  >&5
/tmp/ccFisc8x.o: In function `main':
/home/chao/DLVHEX/DLVHEX-MongoDB/configure:12268: warning: Using 'dlopen' in statically linked applications requires at runtime the shared libraries from the glibc version used for linking
/usr/bin/ld: dynamic STT_GNU_IFUNC symbol `strcmp' with pointer equality in `/usr/lib/gcc/x86_64-linux-gnu/4.8/../../../x86_64-linux-gnu/libc.a(strcmp.o)' can not be used when making an executable; recompile with -fPIE and relink with -pie
collect2: error: ld returned 1 exit status
configure:12292: $? = 1
configure:12310: result: no
configure:12349: checking whether stripping libraries is possible
configure:12354: result: yes
configure:12389: checking if libtool supports shared libraries
configure:12391: result: yes
configure:12394: checking whether to build shared libraries
configure:12415: result: yes
configure:12418: checking whether to build static libraries
configure:12422: result: no
configure:12445: checking how to run the C++ preprocessor
configure:12511: result: g++ -E
configure:12531: g++ -E  conftest.cpp
configure:12531: $? = 0
configure:12545: g++ -E  conftest.cpp
conftest.cpp:34:28: fatal error: ac_nonexistent.h: No such file or directory
 #include <ac_nonexistent.h>
                            ^
compilation terminated.
configure:12545: $? = 1
configure: failed program was:
| /* confdefs.h */
| #define PACKAGE_NAME "dlvhex-mongoplugin"
| #define PACKAGE_TARNAME "dlvhex-mongoplugin"
| #define PACKAGE_VERSION "2.0.0"
| #define PACKAGE_STRING "dlvhex-mongoplugin 2.0.0"
| #define PACKAGE_BUGREPORT "dlvhex-devel@lists.sourceforge.net"
| #define PACKAGE_URL ""
| #define MONGOPLUGIN_VERSION 2.0.0
| #define MONGOPLUGIN_VERSION_MAJOR 2
| #define MONGOPLUGIN_VERSION_MINOR 0
| #define MONGOPLUGIN_VERSION_MICRO 0
| #define DLVHEX_ABI_VERSION 7.0.0
| #define DLVHEX_ABI_VERSION_MAJOR 7
| #define DLVHEX_ABI_VERSION_MINOR 0
| #define DLVHEX_ABI_VERSION_MICRO 0
| #define PACKAGE "dlvhex-mongoplugin"
| #define VERSION "2.0.0"
| #define HAVE_DIRENT_H 1
| #define STDC_HEADERS 1
| #define HAVE_SYS_TYPES_H 1
| #define HAVE_SYS_STAT_H 1
| #define HAVE_STDLIB_H 1
| #define HAVE_STRING_H 1
| #define HAVE_MEMORY_H 1
| #define HAVE_STRINGS_H 1
| #define HAVE_INTTYPES_H 1
| #define HAVE_STDINT_H 1
| #define HAVE_UNISTD_H 1
| #define HAVE_SYS_PARAM_H 1
| #define HAVE_STDBOOL_H 1
| #define HAVE_DLFCN_H 1
| #define LT_OBJDIR ".libs/"
| /* end confdefs.h.  */
| #include <ac_nonexistent.h>
configure:12715: checking for ld used by g++
configure:12782: result: /usr/bin/ld -m elf_x86_64
configure:12789: checking if the linker (/usr/bin/ld -m elf_x86_64) is GNU ld
configure:12804: result: yes
configure:12859: checking whether the g++ linker (/usr/bin/ld -m elf_x86_64) supports shared libraries
configure:13863: result: yes
configure:13898: g++ -c -g -O2  conftest.cpp >&5
configure:13901: $? = 0
configure:14421: checking for g++ option to produce PIC
configure:14428: result: -fPIC -DPIC
configure:14436: checking if g++ PIC flag -fPIC -DPIC works
configure:14454: g++ -c -g -O2  -fPIC -DPIC -DPIC conftest.cpp >&5
configure:14458: $? = 0
configure:14471: result: yes
configure:14494: checking if g++ static flag -static works
configure:14522: result: yes
configure:14534: checking if g++ supports -c -o file.o
configure:14555: g++ -c -g -O2  -o out/conftest2.o conftest.cpp >&5
configure:14559: $? = 0
configure:14581: result: yes
configure:14586: checking if g++ supports -c -o file.o
configure:14633: result: yes
configure:14663: checking whether the g++ linker (/usr/bin/ld -m elf_x86_64) supports shared libraries
configure:14700: result: yes
configure:14843: checking dynamic linker characteristics
configure:15526: result: GNU/Linux ld.so
configure:15579: checking how to hardcode library paths into programs
configure:15604: result: immediate
configure:15723: checking for pkg-config
configure:15741: found /usr/bin/pkg-config
configure:15753: result: /usr/bin/pkg-config
configure:15778: checking pkg-config is at least version 0.9.0
configure:15781: result: yes
configure:15801: checking for DLVHEX
configure:15808: $PKG_CONFIG --exists --print-errors "dlvhex2 >= 2.0.0"
configure:15811: $? = 0
configure:15825: $PKG_CONFIG --exists --print-errors "dlvhex2 >= 2.0.0"
configure:15828: $? = 0
configure:15886: result: yes
configure:15894: $PKG_CONFIG --exists --print-errors "dlvhex2 >= 2.0.0"
configure:15897: $? = 0
configure:15911: $PKG_CONFIG --exists --print-errors "dlvhex2 >= 2.0.0"
configure:15914: $? = 0
configure:15928: $PKG_CONFIG --exists --print-errors "dlvhex2 >= 2.0.0"
configure:15931: $? = 0
configure:15949: checking dlvhex2/OnlineModelBuilder.h usability
configure:15949: g++ -c -g -O2  -pthread -I/usr/local/include -I/usr/local/include/dlvhex2/bm3.7.0/   conftest.cpp >&5
In file included from /usr/local/include/dlvhex2/PredicateTable.h:38:0,
                 from /usr/local/include/dlvhex2/Registry.h:42,
                 from /usr/local/include/dlvhex2/Interpretation.h:39,
                 from /usr/local/include/dlvhex2/BaseModelGenerator.h:38,
                 from /usr/local/include/dlvhex2/AsynchronousModelGenerator.h:42,
                 from /usr/local/include/dlvhex2/OnlineModelBuilder.h:39,
                 from conftest.cpp:67:
/usr/local/include/dlvhex2/Predicate.h:57:2: warning: #warning see warning in PredicateTable.h [-Wcpp]
 #warning see warning in PredicateTable.h
  ^
In file included from /usr/local/include/dlvhex2/Registry.h:42:0,
                 from /usr/local/include/dlvhex2/Interpretation.h:39,
                 from /usr/local/include/dlvhex2/BaseModelGenerator.h:38,
                 from /usr/local/include/dlvhex2/AsynchronousModelGenerator.h:42,
                 from /usr/local/include/dlvhex2/OnlineModelBuilder.h:39,
                 from conftest.cpp:67:
/usr/local/include/dlvhex2/PredicateTable.h:160:4: warning: #warning this looks fishy, and PREDICATE_FAIL is not used anywhere else, when can this happen and if it is intended to fail, why don't we return a pointer or throw an exception? [-Wcpp]
   #warning this looks fishy, and PREDICATE_FAIL is not used anywhere else, when can this happen and if it is intended to fail, why don't we return a pointer or throw an exception?
    ^
In file included from /usr/local/include/dlvhex2/Atoms.h:40:0,
                 from /usr/local/include/dlvhex2/OrdinaryAtomTable.h:36,
                 from /usr/local/include/dlvhex2/Registry.h:43,
                 from /usr/local/include/dlvhex2/Interpretation.h:39,
                 from /usr/local/include/dlvhex2/BaseModelGenerator.h:38,
                 from /usr/local/include/dlvhex2/AsynchronousModelGenerator.h:42,
                 from /usr/local/include/dlvhex2/OnlineModelBuilder.h:39,
                 from conftest.cpp:67:
/usr/local/include/dlvhex2/ExtSourceProperties.h:45:2: warning: #warning TODO what is the difference/intended usage of ExtSourceProperty vs ExtSourceProperties? (the names are not very intuitive) [-Wcpp]
 #warning TODO what is the difference/intended usage of ExtSourceProperty vs ExtSourceProperties? (the names are not very intuitive)
  ^
In file included from /usr/local/include/dlvhex2/OrdinaryAtomTable.h:36:0,
                 from /usr/local/include/dlvhex2/Registry.h:43,
                 from /usr/local/include/dlvhex2/Interpretation.h:39,
                 from /usr/local/include/dlvhex2/BaseModelGenerator.h:38,
                 from /usr/local/include/dlvhex2/AsynchronousModelGenerator.h:42,
                 from /usr/local/include/dlvhex2/OnlineModelBuilder.h:39,
                 from conftest.cpp:67:
/usr/local/include/dlvhex2/Atoms.h:217:4: warning: #warning inputMask seems to be duplicated in parts of ExternalAtomMask [-Wcpp]
   #warning inputMask seems to be duplicated in parts of ExternalAtomMask
    ^
configure:15949: $? = 0
configure:15949: result: yes
configure:15949: checking dlvhex2/OnlineModelBuilder.h presence
configure:15949: g++ -E  -pthread -I/usr/local/include -I/usr/local/include/dlvhex2/bm3.7.0/   conftest.cpp
In file included from /usr/local/include/dlvhex2/PredicateTable.h:38:0,
                 from /usr/local/include/dlvhex2/Registry.h:42,
                 from /usr/local/include/dlvhex2/Interpretation.h:39,
                 from /usr/local/include/dlvhex2/BaseModelGenerator.h:38,
                 from /usr/local/include/dlvhex2/AsynchronousModelGenerator.h:42,
                 from /usr/local/include/dlvhex2/OnlineModelBuilder.h:39,
                 from conftest.cpp:34:
/usr/local/include/dlvhex2/Predicate.h:57:2: warning: #warning see warning in PredicateTable.h [-Wcpp]
 #warning see warning in PredicateTable.h
  ^
In file included from /usr/local/include/dlvhex2/Registry.h:42:0,
                 from /usr/local/include/dlvhex2/Interpretation.h:39,
                 from /usr/local/include/dlvhex2/BaseModelGenerator.h:38,
                 from /usr/local/include/dlvhex2/AsynchronousModelGenerator.h:42,
                 from /usr/local/include/dlvhex2/OnlineModelBuilder.h:39,
                 from conftest.cpp:34:
/usr/local/include/dlvhex2/PredicateTable.h:160:4: warning: #warning this looks fishy, and PREDICATE_FAIL is not used anywhere else, when can this happen and if it is intended to fail, why don't we return a pointer or throw an exception? [-Wcpp]
   #warning this looks fishy, and PREDICATE_FAIL is not used anywhere else, when can this happen and if it is intended to fail, why don't we return a pointer or throw an exception?
    ^
In file included from /usr/local/include/dlvhex2/Atoms.h:40:0,
                 from /usr/local/include/dlvhex2/OrdinaryAtomTable.h:36,
                 from /usr/local/include/dlvhex2/Registry.h:43,
                 from /usr/local/include/dlvhex2/Interpretation.h:39,
                 from /usr/local/include/dlvhex2/BaseModelGenerator.h:38,
                 from /usr/local/include/dlvhex2/AsynchronousModelGenerator.h:42,
                 from /usr/local/include/dlvhex2/OnlineModelBuilder.h:39,
                 from conftest.cpp:34:
/usr/local/include/dlvhex2/ExtSourceProperties.h:45:2: warning: #warning TODO what is the difference/intended usage of ExtSourceProperty vs ExtSourceProperties? (the names are not very intuitive) [-Wcpp]
 #warning TODO what is the difference/intended usage of ExtSourceProperty vs ExtSourceProperties? (the names are not very intuitive)
  ^
In file included from /usr/local/include/dlvhex2/OrdinaryAtomTable.h:36:0,
                 from /usr/local/include/dlvhex2/Registry.h:43,
                 from /usr/local/include/dlvhex2/Interpretation.h:39,
                 from /usr/local/include/dlvhex2/BaseModelGenerator.h:38,
                 from /usr/local/include/dlvhex2/AsynchronousModelGenerator.h:42,
                 from /usr/local/include/dlvhex2/OnlineModelBuilder.h:39,
                 from conftest.cpp:34:
/usr/local/include/dlvhex2/Atoms.h:217:4: warning: #warning inputMask seems to be duplicated in parts of ExternalAtomMask [-Wcpp]
   #warning inputMask seems to be duplicated in parts of ExternalAtomMask
    ^
configure:15949: $? = 0
configure:15949: result: yes
configure:15949: checking for dlvhex2/OnlineModelBuilder.h
configure:15949: result: yes
configure:15961: checking for DLVHEX
configure:16046: result: yes
configure: this is boost.m4 serial 16
configure:16081: checking for Boost headers version >= 1.45.0
configure:16152: g++ -c -g -O2  conftest.cpp >&5
configure:16152: $? = 0
configure:16173: result: yes
configure:16192: checking for Boost's header version
configure:16210: result: 1_54
configure:16233: checking boost/scoped_ptr.hpp usability
configure:16233: g++ -c -g -O2   conftest.cpp >&5
configure:16233: $? = 0
configure:16233: result: yes
configure:16233: checking boost/scoped_ptr.hpp presence
configure:16233: g++ -E   conftest.cpp
configure:16233: $? = 0
configure:16233: result: yes
configure:16233: checking for boost/scoped_ptr.hpp
configure:16233: result: yes
configure:16262: checking boost/shared_ptr.hpp usability
configure:16262: g++ -c -g -O2   conftest.cpp >&5
configure:16262: $? = 0
configure:16262: result: yes
configure:16262: checking boost/shared_ptr.hpp presence
configure:16262: g++ -E   conftest.cpp
configure:16262: $? = 0
configure:16262: result: yes
configure:16262: checking for boost/shared_ptr.hpp
configure:16262: result: yes
configure:16293: checking boost/algorithm/string.hpp usability
configure:16293: g++ -c -g -O2   conftest.cpp >&5
configure:16293: $? = 0
configure:16293: result: yes
configure:16293: checking boost/algorithm/string.hpp presence
configure:16293: g++ -E   conftest.cpp
configure:16293: $? = 0
configure:16293: result: yes
configure:16293: checking for boost/algorithm/string.hpp
configure:16293: result: yes
configure:16324: checking boost/tokenizer.hpp usability
configure:16324: g++ -c -g -O2   conftest.cpp >&5
configure:16324: $? = 0
configure:16324: result: yes
configure:16324: checking boost/tokenizer.hpp presence
configure:16324: g++ -E   conftest.cpp
configure:16324: $? = 0
configure:16324: result: yes
configure:16324: checking for boost/tokenizer.hpp
configure:16324: result: yes
configure:16358: checking for "/usr/local/include/mongo/client/dbclient.h"
configure:16372: result: yes
configure:16397: checking for mongoDB client library
configure:16410: result: yes
configure:16555: checking that generated files are newer than configure
configure:16561: result: done
configure:16588: creating ./config.status

## ---------------- ##
## Cache variables. ##
## ---------------- ##

ac_cv_build=x86_64-unknown-linux-gnu
ac_cv_c_compiler_gnu=yes
ac_cv_c_const=yes
ac_cv_cxx_compiler_gnu=yes
ac_cv_env_BOOST_ROOT_set=
ac_cv_env_BOOST_ROOT_value=
ac_cv_env_CCC_set=
ac_cv_env_CCC_value=
ac_cv_env_CC_set=
ac_cv_env_CC_value=
ac_cv_env_CFLAGS_set=
ac_cv_env_CFLAGS_value=
ac_cv_env_CPPFLAGS_set=
ac_cv_env_CPPFLAGS_value=
ac_cv_env_CXXCPP_set=
ac_cv_env_CXXCPP_value=
ac_cv_env_CXXFLAGS_set=
ac_cv_env_CXXFLAGS_value=
ac_cv_env_CXX_set=
ac_cv_env_CXX_value=
ac_cv_env_DLVHEX_CFLAGS_set=
ac_cv_env_DLVHEX_CFLAGS_value=
ac_cv_env_DLVHEX_LIBS_set=
ac_cv_env_DLVHEX_LIBS_value=
ac_cv_env_LDFLAGS_set=
ac_cv_env_LDFLAGS_value=
ac_cv_env_LIBS_set=
ac_cv_env_LIBS_value=
ac_cv_env_PKG_CONFIG_LIBDIR_set=
ac_cv_env_PKG_CONFIG_LIBDIR_value=
ac_cv_env_PKG_CONFIG_PATH_set=
ac_cv_env_PKG_CONFIG_PATH_value=
ac_cv_env_PKG_CONFIG_set=
ac_cv_env_PKG_CONFIG_value=
ac_cv_env_build_alias_set=
ac_cv_env_build_alias_value=
ac_cv_env_host_alias_set=
ac_cv_env_host_alias_value=
ac_cv_env_target_alias_set=
ac_cv_env_target_alias_value=
ac_cv_file__usr_local_include_mongo_client_dbclient_h=yes
ac_cv_func_dlopen=no
ac_cv_func_shl_load=no
ac_cv_header_boost_algorithm_string_hpp=yes
ac_cv_header_boost_scoped_ptr_hpp=yes
ac_cv_header_boost_shared_ptr_hpp=yes
ac_cv_header_boost_tokenizer_hpp=yes
ac_cv_header_dirent_dirent_h=yes
ac_cv_header_dlfcn_h=yes
ac_cv_header_dlvhex2_OnlineModelBuilder_h=yes
ac_cv_header_inttypes_h=yes
ac_cv_header_memory_h=yes
ac_cv_header_stdbool_h=yes
ac_cv_header_stdc=yes
ac_cv_header_stdint_h=yes
ac_cv_header_stdlib_h=yes
ac_cv_header_string_h=yes
ac_cv_header_strings_h=yes
ac_cv_header_sys_param_h=yes
ac_cv_header_sys_stat_h=yes
ac_cv_header_sys_types_h=yes
ac_cv_header_unistd_h=yes
ac_cv_host=x86_64-unknown-linux-gnu
ac_cv_lib_dl_dlopen=yes
ac_cv_lib_dld_shl_load=no
ac_cv_objext=o
ac_cv_path_EGREP='/bin/grep -E'
ac_cv_path_FGREP='/bin/grep -F'
ac_cv_path_GREP=/bin/grep
ac_cv_path_SED=/bin/sed
ac_cv_path_ac_pt_PKG_CONFIG=/usr/bin/pkg-config
ac_cv_path_install='/usr/bin/install -c'
ac_cv_path_mkdir=/bin/mkdir
ac_cv_prog_AWK=mawk
ac_cv_prog_CXXCPP='g++ -E'
ac_cv_prog_ac_ct_AR=ar
ac_cv_prog_ac_ct_CC=gcc
ac_cv_prog_ac_ct_CXX=g++
ac_cv_prog_ac_ct_MANIFEST_TOOL=mt
ac_cv_prog_ac_ct_OBJDUMP=objdump
ac_cv_prog_ac_ct_RANLIB=ranlib
ac_cv_prog_ac_ct_STRIP=strip
ac_cv_prog_cc_c89=
ac_cv_prog_cc_g=yes
ac_cv_prog_cxx_g=yes
ac_cv_prog_make_make_set=yes
ac_cv_search_opendir='none required'
ac_cv_type__Bool=no
am_cv_CC_dependencies_compiler_type=gcc3
am_cv_CXX_dependencies_compiler_type=gcc3
am_cv_make_support_nested_variables=yes
am_cv_prog_cc_c_o=yes
boost_cv_inc_path=yes
boost_cv_lib_version=1_54
lt_cv_ar_at_file=@
lt_cv_archive_cmds_need_lc=no
lt_cv_deplibs_check_method=pass_all
lt_cv_dlopen=dlopen
lt_cv_dlopen_libs=-ldl
lt_cv_dlopen_self=yes
lt_cv_dlopen_self_static=no
lt_cv_file_magic_cmd='$MAGIC_CMD'
lt_cv_file_magic_test_file=
lt_cv_ld_reload_flag=-r
lt_cv_nm_interface='BSD nm'
lt_cv_objdir=.libs
lt_cv_path_LD=/usr/bin/ld
lt_cv_path_LDCXX='/usr/bin/ld -m elf_x86_64'
lt_cv_path_NM='/usr/bin/nm -B'
lt_cv_path_mainfest_tool=no
lt_cv_prog_compiler_c_o=yes
lt_cv_prog_compiler_c_o_CXX=yes
lt_cv_prog_compiler_pic='-fPIC -DPIC'
lt_cv_prog_compiler_pic_CXX='-fPIC -DPIC'
lt_cv_prog_compiler_pic_works=yes
lt_cv_prog_compiler_pic_works_CXX=yes
lt_cv_prog_compiler_rtti_exceptions=no
lt_cv_prog_compiler_static_works=yes
lt_cv_prog_compiler_static_works_CXX=yes
lt_cv_prog_gnu_ld=yes
lt_cv_prog_gnu_ldcxx=yes
lt_cv_sharedlib_from_linklib_cmd='printf %s\n'
lt_cv_shlibpath_overrides_runpath=no
lt_cv_sys_global_symbol_pipe='sed -n -e '\''s/^.*[	 ]\([ABCDGIRSTW][ABCDGIRSTW]*\)[	 ][	 ]*\([_A-Za-z][_A-Za-z0-9]*\)$/\1 \2 \2/p'\'' | sed '\''/ __gnu_lto/d'\'''
lt_cv_sys_global_symbol_to_c_name_address='sed -n -e '\''s/^: \([^ ]*\)[ ]*$/  {\"\1\", (void *) 0},/p'\'' -e '\''s/^[ABCDGIRSTW]* \([^ ]*\) \([^ ]*\)$/  {"\2", (void *) \&\2},/p'\'''
lt_cv_sys_global_symbol_to_c_name_address_lib_prefix='sed -n -e '\''s/^: \([^ ]*\)[ ]*$/  {\"\1\", (void *) 0},/p'\'' -e '\''s/^[ABCDGIRSTW]* \([^ ]*\) \(lib[^ ]*\)$/  {"\2", (void *) \&\2},/p'\'' -e '\''s/^[ABCDGIRSTW]* \([^ ]*\) \([^ ]*\)$/  {"lib\2", (void *) \&\2},/p'\'''
lt_cv_sys_global_symbol_to_cdecl='sed -n -e '\''s/^T .* \(.*\)$/extern int \1();/p'\'' -e '\''s/^[ABCDGIRSTW]* .* \(.*\)$/extern char \1;/p'\'''
lt_cv_sys_max_cmd_len=3458764513820540925
lt_cv_to_host_file_cmd=func_convert_file_noop
lt_cv_to_tool_file_cmd=func_convert_file_noop
pkg_cv_DLVHEX_BINDIR=/usr/local/bin
pkg_cv_DLVHEX_CFLAGS='-pthread -I/usr/local/include -I/usr/local/include/dlvhex2/bm3.7.0/  '
pkg_cv_DLVHEX_LIBS='-Wl,-R,/usr/local/lib -pthread -L/usr/local/lib -ldlvhex2-base -ldlvhex2-aspsolver -lcurl -lboost_thread -lboost_system  '
pkg_cv_DLVHEX_SYSPLUGINDIR=/usr/local/lib/dlvhex/plugins
pkg_cv_DLVHEX_USERPLUGINDIR=.dlvhex2/plugins

## ----------------- ##
## Output variables. ##
## ----------------- ##

ACLOCAL='${SHELL} /home/chao/DLVHEX/DLVHEX-MongoDB/missing aclocal-1.14'
AMDEPBACKSLASH='\'
AMDEP_FALSE='#'
AMDEP_TRUE=''
AMTAR='$${TAR-tar}'
AM_BACKSLASH='\'
AM_DEFAULT_V='$(AM_DEFAULT_VERBOSITY)'
AM_DEFAULT_VERBOSITY='1'
AM_V='$(V)'
AR='ar'
AUTOCONF='${SHELL} /home/chao/DLVHEX/DLVHEX-MongoDB/missing autoconf'
AUTOHEADER='${SHELL} /home/chao/DLVHEX/DLVHEX-MongoDB/missing autoheader'
AUTOMAKE='${SHELL} /home/chao/DLVHEX/DLVHEX-MongoDB/missing automake-1.14'
AWK='mawk'
BOOST_CPPFLAGS=''
BOOST_ROOT=''
CC='gcc'
CCDEPMODE='depmode=gcc3'
CFLAGS='-g -O2'
CPPFLAGS=''
CXX='g++'
CXXCPP='g++ -E'
CXXDEPMODE='depmode=gcc3'
CXXFLAGS='-g -O2'
CYGPATH_W='echo'
DEFS='-DHAVE_CONFIG_H'
DEPDIR='.deps'
DISTCHECK_CONFIGURE_FLAGS=' '\''--with-boost='\'''
DLLTOOL='false'
DLVHEX_ABI_VERSION='7.0.0'
DLVHEX_ABI_VERSION_MAJOR='7'
DLVHEX_ABI_VERSION_MICRO='0'
DLVHEX_ABI_VERSION_MINOR='0'
DLVHEX_BINDIR='/usr/local/bin'
DLVHEX_CFLAGS='-pthread -I/usr/local/include -I/usr/local/include/dlvhex2/bm3.7.0/  '
DLVHEX_LIBS='-Wl,-R,/usr/local/lib -pthread -L/usr/local/lib -ldlvhex2-base -ldlvhex2-aspsolver -lcurl -lboost_thread -lboost_system  '
DLVHEX_SYSPLUGINDIR='/usr/local/lib/dlvhex/plugins'
DLVHEX_USERPLUGINDIR='.dlvhex2/plugins'
DSYMUTIL=''
DUMPBIN=''
ECHO_C=''
ECHO_N='-n'
ECHO_T=''
EGREP='/bin/grep -E'
EXEEXT=''
FGREP='/bin/grep -F'
GREP='/bin/grep'
INSTALL_DATA='${INSTALL} -m 644'
INSTALL_PROGRAM='${INSTALL}'
INSTALL_SCRIPT='${INSTALL}'
INSTALL_STRIP_PROGRAM='$(install_sh) -c -s'
LD='/usr/bin/ld -m elf_x86_64'
LDFLAGS=' -L/usr/local/lib -lmongoclient -lboost_system -lboost_thread -lboost_filesystem -lboost_program_options'
LIBOBJS=''
LIBS=''
LIBTOOL='$(SHELL) $(top_builddir)/libtool'
LIPO=''
LN_S='ln -s'
LTLIBOBJS=''
MAKEINFO='${SHELL} /home/chao/DLVHEX/DLVHEX-MongoDB/missing makeinfo'
MANIFEST_TOOL=':'
MKDIR_P='/bin/mkdir -p'
MONGOPLUGIN_VERSION='2.0.0'
MONGOPLUGIN_VERSION_MAJOR='2'
MONGOPLUGIN_VERSION_MICRO='0'
MONGOPLUGIN_VERSION_MINOR='0'
MONGO_INCLUDES='-I/usr/local/include'
MONGO_LDFLAGS='-L/usr/local/lib -L/usr/local/lib -lmongoclient'
MONGO_LIBS='-L/usr/local/lib -lmongoclient'
NM='/usr/bin/nm -B'
NMEDIT=''
OBJDUMP='objdump'
OBJEXT='o'
OTOOL64=''
OTOOL=''
PACKAGE='dlvhex-mongoplugin'
PACKAGE_BUGREPORT='dlvhex-devel@lists.sourceforge.net'
PACKAGE_NAME='dlvhex-mongoplugin'
PACKAGE_STRING='dlvhex-mongoplugin 2.0.0'
PACKAGE_TARNAME='dlvhex-mongoplugin'
PACKAGE_URL=''
PACKAGE_VERSION='2.0.0'
PATH_SEPARATOR=':'
PKG_CONFIG='/usr/bin/pkg-config'
PKG_CONFIG_LIBDIR=''
PKG_CONFIG_PATH=''
RANLIB='ranlib'
SED='/bin/sed'
SET_MAKE=''
SHELL='/bin/bash'
STRIP='strip'
VERSION='2.0.0'
ac_ct_AR='ar'
ac_ct_CC='gcc'
ac_ct_CXX='g++'
ac_ct_DUMPBIN=''
am__EXEEXT_FALSE=''
am__EXEEXT_TRUE='#'
am__fastdepCC_FALSE='#'
am__fastdepCC_TRUE=''
am__fastdepCXX_FALSE='#'
am__fastdepCXX_TRUE=''
am__include='include'
am__isrc=''
am__leading_dot='.'
am__nodep='_no'
am__quote=''
am__tar='$${TAR-tar} chof - "$$tardir"'
am__untar='$${TAR-tar} xf -'
bindir='${exec_prefix}/bin'
build='x86_64-unknown-linux-gnu'
build_alias=''
build_cpu='x86_64'
build_os='linux-gnu'
build_vendor='unknown'
datadir='${datarootdir}'
datarootdir='${prefix}/share'
docdir='${datarootdir}/doc/${PACKAGE_TARNAME}'
dvidir='${docdir}'
exec_prefix='${prefix}'
host='x86_64-unknown-linux-gnu'
host_alias=''
host_cpu='x86_64'
host_os='linux-gnu'
host_vendor='unknown'
htmldir='${docdir}'
includedir='${prefix}/include'
infodir='${datarootdir}/info'
install_sh='${SHELL} /home/chao/DLVHEX/DLVHEX-MongoDB/install-sh'
libdir='${exec_prefix}/lib'
libexecdir='${exec_prefix}/libexec'
localedir='${datarootdir}/locale'
localstatedir='${prefix}/var'
mandir='${datarootdir}/man'
mkdir_p='$(MKDIR_P)'
oldincludedir='/usr/include'
pdfdir='${docdir}'
plugindir='/usr/local/lib/dlvhex/plugins'
prefix='/usr/local'
program_transform_name='s,x,x,'
psdir='${docdir}'
sbindir='${exec_prefix}/sbin'
sharedstatedir='${prefix}/com'
sysconfdir='${prefix}/etc'
target_alias=''

## ----------- ##
## confdefs.h. ##
## ----------- ##

/* confdefs.h */
#define PACKAGE_NAME "dlvhex-mongoplugin"
#define PACKAGE_TARNAME "dlvhex-mongoplugin"
#define PACKAGE_VERSION "2.0.0"
#define PACKAGE_STRING "dlvhex-mongoplugin 2.0.0"
#define PACKAGE_BUGREPORT "dlvhex-devel@lists.sourceforge.net"
#define PACKAGE_URL ""
#define MONGOPLUGIN_VERSION 2.0.0
#define MONGOPLUGIN_VERSION_MAJOR 2
#define MONGOPLUGIN_VERSION_MINOR 0
#define MONGOPLUGIN_VERSION_MICRO 0
#define DLVHEX_ABI_VERSION 7.0.0
#define DLVHEX_ABI_VERSION_MAJOR 7
#define DLVHEX_ABI_VERSION_MINOR 0
#define DLVHEX_ABI_VERSION_MICRO 0
#define PACKAGE "dlvhex-mongoplugin"
#define VERSION "2.0.0"
#define HAVE_DIRENT_H 1
#define STDC_HEADERS 1
#define HAVE_SYS_TYPES_H 1
#define HAVE_SYS_STAT_H 1
#define HAVE_STDLIB_H 1
#define HAVE_STRING_H 1
#define HAVE_MEMORY_H 1
#define HAVE_STRINGS_H 1
#define HAVE_INTTYPES_H 1
#define HAVE_STDINT_H 1
#define HAVE_UNISTD_H 1
#define HAVE_SYS_PARAM_H 1
#define HAVE_STDBOOL_H 1
#define HAVE_DLFCN_H 1
#define LT_OBJDIR ".libs/"
#define HAVE_BOOST 1
#define HAVE_BOOST_SCOPED_PTR_HPP 1
#define HAVE_BOOST_SHARED_PTR_HPP 1
#define HAVE_BOOST_ALGORITHM_STRING_HPP 1
#define HAVE_BOOST_TOKENIZER_HPP 1

configure: exit 0

## ---------------------- ##
## Running config.status. ##
## ---------------------- ##

This file was extended by dlvhex-mongoplugin config.status 2.0.0, which was
generated by GNU Autoconf 2.69.  Invocation command line was

  CONFIG_FILES    = 
  CONFIG_HEADERS  = 
  CONFIG_LINKS    = 
  CONFIG_COMMANDS = 
  $ ./config.status 

on chao-OptiPlex-9010

config.status:1184: creating Makefile
config.status:1184: creating include/Makefile
config.status:1184: creating src/Makefile
config.status:1184: creating include/config.h
config.status:1365: include/config.h is unchanged
config.status:1413: executing depfiles commands
config.status:1413: executing libtool commands

## ---------------------- ##
## Running config.status. ##
## ---------------------- ##

This file was extended by dlvhex-mongoplugin config.status 2.0.0, which was
generated by GNU Autoconf 2.69.  Invocation command line was

  CONFIG_FILES    = 
  CONFIG_HEADERS  = 
  CONFIG_LINKS    = 
  CONFIG_COMMANDS = 
  $ ./config.status include/config.h

on chao-OptiPlex-9010

config.status:1184: creating include/config.h
config.status:1365: include/config.h is unchanged

## ---------------------- ##
## Running config.status. ##
## ---------------------- ##

This file was extended by dlvhex-mongoplugin config.status 2.0.0, which was
generated by GNU Autoconf 2.69.  Invocation command line was

  CONFIG_FILES    = 
  CONFIG_HEADERS  = 
  CONFIG_LINKS    = 
  CONFIG_COMMANDS = 
  $ ./config.status include/Makefile

on chao-OptiPlex-9010

config.status:1184: creating include/Makefile

## ---------------------- ##
## Running config.status. ##
## ---------------------- ##

This file was extended by dlvhex-mongoplugin config.status 2.0.0, which was
generated by GNU Autoconf 2.69.  Invocation command line was

  CONFIG_FILES    = 
  CONFIG_HEADERS  = 
  CONFIG_LINKS    = 
  CONFIG_COMMANDS = 
  $ ./config.status src/Makefile depfiles

on chao-OptiPlex-9010

config.status:1184: creating src/Makefile
config.status:1413: executing depfiles commands

## ---------------------- ##
## Running config.status. ##
## ---------------------- ##

This file was extended by dlvhex-mongoplugin config.status 2.0.0, which was
generated by GNU Autoconf 2.69.  Invocation command line was

  CONFIG_FILES    = 
  CONFIG_HEADERS  = 
  CONFIG_LINKS    = 
  CONFIG_COMMANDS = 
  $ ./config.status include/Makefile

on chao-OptiPlex-9010

config.status:1184: creating include/Makefile

## ---------------------- ##
## Running config.status. ##
## ---------------------- ##

This file was extended by dlvhex-mongoplugin config.status 2.0.0, which was
generated by GNU Autoconf 2.69.  Invocation command line was

  CONFIG_FILES    = 
  CONFIG_HEADERS  = 
  CONFIG_LINKS    = 
  CONFIG_COMMANDS = 
  $ ./config.status src/Makefile depfiles

on chao-OptiPlex-9010

config.status:1184: creating src/Makefile
config.status:1413: executing depfiles commands

## ---------------------- ##
## Running config.status. ##
## ---------------------- ##

This file was extended by dlvhex-mongoplugin config.status 2.0.0, which was
generated by GNU Autoconf 2.69.  Invocation command line was

  CONFIG_FILES    = 
  CONFIG_HEADERS  = 
  CONFIG_LINKS    = 
  CONFIG_COMMANDS = 
  $ ./config.status src/Makefile depfiles

on chao-OptiPlex-9010

config.status:1184: creating src/Makefile
config.status:1413: executing depfiles commands

## ---------------------- ##
## Running config.status. ##
## ---------------------- ##

This file was extended by dlvhex-mongoplugin config.status 2.0.0, which was
generated by GNU Autoconf 2.69.  Invocation command line was

  CONFIG_FILES    = 
  CONFIG_HEADERS  = 
  CONFIG_LINKS    = 
  CONFIG_COMMANDS = 
  $ ./config.status include/Makefile

on chao-OptiPlex-9010

config.status:1184: creating include/Makefile
